[debug] [2025-12-07T04:32:31.187Z] ----------------------------------------------------------------------
[debug] [2025-12-07T04:32:31.190Z] Command:       C:\Program Files\nodejs\node.exe C:\Users\robya\AppData\Roaming\npm\node_modules\firebase-tools\lib\bin\firebase.js init
[debug] [2025-12-07T04:32:31.190Z] CLI Version:   14.27.0
[debug] [2025-12-07T04:32:31.191Z] Platform:      win32
[debug] [2025-12-07T04:32:31.191Z] Node Version:  v24.11.1
[debug] [2025-12-07T04:32:31.191Z] Time:          Sun Dec 07 2025 11:32:31 GMT+0700 (Western Indonesia Time)
[debug] [2025-12-07T04:32:31.191Z] ----------------------------------------------------------------------
[debug] 
[info] 
     ######## #### ########  ######## ########     ###     ######  ########
     ##        ##  ##     ## ##       ##     ##  ##   ##  ##       ##
     ######    ##  ########  ######   ########  #########  ######  ######
     ##        ##  ##    ##  ##       ##     ## ##     ##       ## ##
     ##       #### ##     ## ######## ########  ##     ##  ######  ########

You're about to initialize a Firebase project in this directory:

  C:\laragon\cafe-pos-system

Before we get started, keep in mind:

  * You are currently outside your home directory

[info] 
=== Project Setup
[info] 
[info] First, let's associate this project directory with a Firebase project.
[info] You can create multiple project aliases by running firebase use --add, 
[info] 
[debug] [2025-12-07T04:33:23.197Z] > command requires scopes: ["email","openid","https://www.googleapis.com/auth/cloudplatformprojects.readonly","https://www.googleapis.com/auth/firebase","https://www.googleapis.com/auth/cloud-platform"]
[debug] [2025-12-07T04:33:23.197Z] > authorizing via signed-in user (robyakshay011@gmail.com)
[debug] [2025-12-07T04:33:23.198Z] Checked if tokens are valid: true, expires at: 1765085532035
[debug] [2025-12-07T04:33:23.198Z] Checked if tokens are valid: true, expires at: 1765085532035
[debug] [2025-12-07T04:33:23.200Z] >>> [apiv2][query] GET https://firebase.googleapis.com/v1beta1/projects pageSize=100
[debug] [2025-12-07T04:33:24.973Z] <<< [apiv2][status] GET https://firebase.googleapis.com/v1beta1/projects 200
[debug] [2025-12-07T04:33:24.973Z] <<< [apiv2][body] GET https://firebase.googleapis.com/v1beta1/projects [omitted]
[info] 
=== Dataconnect Setup
[info] i  dataconnect: ensuring required API firebasedataconnect.googleapis.com is enabled... 
[debug] [2025-12-07T04:33:28.712Z] Checked if tokens are valid: true, expires at: 1765085532035
[debug] [2025-12-07T04:33:28.712Z] Checked if tokens are valid: true, expires at: 1765085532035
[info] i  dataconnect: ensuring required API sqladmin.googleapis.com is enabled... 
[debug] [2025-12-07T04:33:28.713Z] Checked if tokens are valid: true, expires at: 1765085532035
[debug] [2025-12-07T04:33:28.713Z] Checked if tokens are valid: true, expires at: 1765085532035
[debug] [2025-12-07T04:33:28.714Z] >>> [apiv2][query] GET https://serviceusage.googleapis.com/v1/projects/aplikasi-pemesanan-8e368/services/firebasedataconnect.googleapis.com [none]
[debug] [2025-12-07T04:33:28.714Z] >>> [apiv2][(partial)header] GET https://serviceusage.googleapis.com/v1/projects/aplikasi-pemesanan-8e368/services/firebasedataconnect.googleapis.com x-goog-quota-user=projects/aplikasi-pemesanan-8e368
[debug] [2025-12-07T04:33:28.715Z] >>> [apiv2][query] GET https://serviceusage.googleapis.com/v1/projects/aplikasi-pemesanan-8e368/services/sqladmin.googleapis.com [none]
[debug] [2025-12-07T04:33:28.715Z] >>> [apiv2][(partial)header] GET https://serviceusage.googleapis.com/v1/projects/aplikasi-pemesanan-8e368/services/sqladmin.googleapis.com x-goog-quota-user=projects/aplikasi-pemesanan-8e368
[debug] [2025-12-07T04:33:30.380Z] <<< [apiv2][status] GET https://serviceusage.googleapis.com/v1/projects/aplikasi-pemesanan-8e368/services/firebasedataconnect.googleapis.com 200
[debug] [2025-12-07T04:33:30.380Z] <<< [apiv2][body] GET https://serviceusage.googleapis.com/v1/projects/aplikasi-pemesanan-8e368/services/firebasedataconnect.googleapis.com [omitted]
[warn] !  dataconnect: missing required API firebasedataconnect.googleapis.com. Enabling now... 
[debug] [2025-12-07T04:33:30.383Z] Checked if tokens are valid: true, expires at: 1765085532035
[debug] [2025-12-07T04:33:30.383Z] Checked if tokens are valid: true, expires at: 1765085532035
[debug] [2025-12-07T04:33:30.383Z] >>> [apiv2][query] POST https://serviceusage.googleapis.com/v1/projects/aplikasi-pemesanan-8e368/services/firebasedataconnect.googleapis.com:enable [none]
[debug] [2025-12-07T04:33:30.383Z] >>> [apiv2][(partial)header] POST https://serviceusage.googleapis.com/v1/projects/aplikasi-pemesanan-8e368/services/firebasedataconnect.googleapis.com:enable x-goog-quota-user=projects/aplikasi-pemesanan-8e368
[debug] [2025-12-07T04:33:30.558Z] <<< [apiv2][status] GET https://serviceusage.googleapis.com/v1/projects/aplikasi-pemesanan-8e368/services/sqladmin.googleapis.com 200
[debug] [2025-12-07T04:33:30.558Z] <<< [apiv2][body] GET https://serviceusage.googleapis.com/v1/projects/aplikasi-pemesanan-8e368/services/sqladmin.googleapis.com [omitted]
[warn] !  dataconnect: missing required API sqladmin.googleapis.com. Enabling now... 
[debug] [2025-12-07T04:33:30.559Z] Checked if tokens are valid: true, expires at: 1765085532035
[debug] [2025-12-07T04:33:30.559Z] Checked if tokens are valid: true, expires at: 1765085532035
[debug] [2025-12-07T04:33:30.560Z] >>> [apiv2][query] POST https://serviceusage.googleapis.com/v1/projects/aplikasi-pemesanan-8e368/services/sqladmin.googleapis.com:enable [none]
[debug] [2025-12-07T04:33:30.560Z] >>> [apiv2][(partial)header] POST https://serviceusage.googleapis.com/v1/projects/aplikasi-pemesanan-8e368/services/sqladmin.googleapis.com:enable x-goog-quota-user=projects/aplikasi-pemesanan-8e368
[debug] [2025-12-07T04:33:31.699Z] <<< [apiv2][status] POST https://serviceusage.googleapis.com/v1/projects/aplikasi-pemesanan-8e368/services/firebasedataconnect.googleapis.com:enable 200
[debug] [2025-12-07T04:33:31.700Z] <<< [apiv2][body] POST https://serviceusage.googleapis.com/v1/projects/aplikasi-pemesanan-8e368/services/firebasedataconnect.googleapis.com:enable [omitted]
[debug] [2025-12-07T04:33:31.904Z] <<< [apiv2][status] POST https://serviceusage.googleapis.com/v1/projects/aplikasi-pemesanan-8e368/services/sqladmin.googleapis.com:enable 200
[debug] [2025-12-07T04:33:31.904Z] <<< [apiv2][body] POST https://serviceusage.googleapis.com/v1/projects/aplikasi-pemesanan-8e368/services/sqladmin.googleapis.com:enable [omitted]
[debug] [2025-12-07T04:33:41.932Z] Checked if tokens are valid: true, expires at: 1765085532035
[debug] [2025-12-07T04:33:41.932Z] Checked if tokens are valid: true, expires at: 1765085532035
[debug] [2025-12-07T04:33:41.933Z] >>> [apiv2][query] GET https://firebasedataconnect.googleapis.com/v1/projects/aplikasi-pemesanan-8e368/locations/-/services [none]
[debug] [2025-12-07T04:33:44.674Z] <<< [apiv2][status] GET https://firebasedataconnect.googleapis.com/v1/projects/aplikasi-pemesanan-8e368/locations/-/services 200
[debug] [2025-12-07T04:33:44.674Z] <<< [apiv2][body] GET https://firebasedataconnect.googleapis.com/v1/projects/aplikasi-pemesanan-8e368/locations/-/services {}
[info] i  : ensuring required API cloudaicompanion.googleapis.com is enabled... 
[debug] [2025-12-07T04:33:50.468Z] Checked if tokens are valid: true, expires at: 1765085532035
[debug] [2025-12-07T04:33:50.468Z] Checked if tokens are valid: true, expires at: 1765085532035
[debug] [2025-12-07T04:33:50.468Z] >>> [apiv2][query] GET https://serviceusage.googleapis.com/v1/projects/aplikasi-pemesanan-8e368/services/cloudaicompanion.googleapis.com [none]
[debug] [2025-12-07T04:33:50.468Z] >>> [apiv2][(partial)header] GET https://serviceusage.googleapis.com/v1/projects/aplikasi-pemesanan-8e368/services/cloudaicompanion.googleapis.com x-goog-quota-user=projects/aplikasi-pemesanan-8e368
[debug] [2025-12-07T04:33:53.573Z] <<< [apiv2][status] GET https://serviceusage.googleapis.com/v1/projects/aplikasi-pemesanan-8e368/services/cloudaicompanion.googleapis.com 200
[debug] [2025-12-07T04:33:53.574Z] <<< [apiv2][body] GET https://serviceusage.googleapis.com/v1/projects/aplikasi-pemesanan-8e368/services/cloudaicompanion.googleapis.com [omitted]
[info] +  : required API cloudaicompanion.googleapis.com is enabled 
[debug] [2025-12-07T04:33:59.359Z] Checked if tokens are valid: true, expires at: 1765085532035
[debug] [2025-12-07T04:33:59.359Z] Checked if tokens are valid: true, expires at: 1765085532035
[debug] [2025-12-07T04:33:59.359Z] >>> [apiv2][query] GET https://cloudbilling.googleapis.com/v1/projects/aplikasi-pemesanan-8e368/billingInfo [none]
[debug] [2025-12-07T04:34:04.847Z] <<< [apiv2][status] GET https://cloudbilling.googleapis.com/v1/projects/aplikasi-pemesanan-8e368/billingInfo 200
[debug] [2025-12-07T04:34:04.847Z] <<< [apiv2][body] GET https://cloudbilling.googleapis.com/v1/projects/aplikasi-pemesanan-8e368/billingInfo {"name":"projects/aplikasi-pemesanan-8e368/billingInfo","projectId":"aplikasi-pemesanan-8e368","billingAccountName":"","billingEnabled":false}
[debug] [2025-12-07T04:34:04.850Z] Checked if tokens are valid: true, expires at: 1765085532035
[debug] [2025-12-07T04:34:04.850Z] Checked if tokens are valid: true, expires at: 1765085532035
[debug] [2025-12-07T04:34:04.851Z] >>> [apiv2][query] GET https://monitoring.googleapis.com/v3/projects/aplikasi-pemesanan-8e368/timeSeries/ filter=metric.type%3D%22serviceruntime.googleapis.com%2Fquota%2Fallocation%2Fusage%22+AND+metric.label.quota_metric+%3D+%22sqladmin.googleapis.com%2Ffdc_lifetime_free_trial_per_project%22&interval.endTime=2025-12-07T04%3A34%3A04.849Z&interval.startTime=2025-11-30T04%3A34%3A04.847Z
[debug] [2025-12-07T04:34:06.403Z] <<< [apiv2][status] GET https://monitoring.googleapis.com/v3/projects/aplikasi-pemesanan-8e368/timeSeries/ 200
[debug] [2025-12-07T04:34:06.403Z] <<< [apiv2][body] GET https://monitoring.googleapis.com/v3/projects/aplikasi-pemesanan-8e368/timeSeries/ {"unit":"1"}
[info] +  dataconnect: Detected existing apps . (web) 
[debug] [2025-12-07T04:34:06.455Z] Checked if tokens are valid: true, expires at: 1765085532035
[debug] [2025-12-07T04:34:06.455Z] Checked if tokens are valid: true, expires at: 1765085532035
[debug] [2025-12-07T04:34:06.455Z] >>> [apiv2][query] POST https://firebasedataconnect.googleapis.com/v1/projects/aplikasi-pemesanan-8e368/locations/us-east4/services service_id=cafe-pos-system
[debug] [2025-12-07T04:34:06.455Z] >>> [apiv2][body] POST https://firebasedataconnect.googleapis.com/v1/projects/aplikasi-pemesanan-8e368/locations/us-east4/services {"name":"projects/aplikasi-pemesanan-8e368/locations/us-east4/services/cafe-pos-system"}
[debug] [2025-12-07T04:34:16.004Z] <<< [apiv2][status] POST https://firebasedataconnect.googleapis.com/v1/projects/aplikasi-pemesanan-8e368/locations/us-east4/services 200
[debug] [2025-12-07T04:34:16.005Z] <<< [apiv2][body] POST https://firebasedataconnect.googleapis.com/v1/projects/aplikasi-pemesanan-8e368/locations/us-east4/services {"name":"projects/aplikasi-pemesanan-8e368/locations/us-east4/operations/operation-1765082045968-6455530597118-24f87e7e-5e7d4a0e","metadata":{"@type":"type.googleapis.com/google.firebase.dataconnect.v1.OperationMetadata","createTime":"2025-12-07T04:34:13.314339588Z","target":"projects/aplikasi-pemesanan-8e368/locations/us-east4/services/cafe-pos-system","verb":"create","requestedCancellation":false,"apiVersion":"v1"},"done":false}
[debug] [2025-12-07T04:34:16.008Z] Checked if tokens are valid: true, expires at: 1765085532035
[debug] [2025-12-07T04:34:16.008Z] Checked if tokens are valid: true, expires at: 1765085532035
[debug] [2025-12-07T04:34:16.009Z] >>> [apiv2][query] GET https://firebasedataconnect.googleapis.com/v1/projects/aplikasi-pemesanan-8e368/locations/us-east4/operations/operation-1765082045968-6455530597118-24f87e7e-5e7d4a0e [none]
[debug] [2025-12-07T04:34:16.913Z] <<< [apiv2][status] GET https://firebasedataconnect.googleapis.com/v1/projects/aplikasi-pemesanan-8e368/locations/us-east4/operations/operation-1765082045968-6455530597118-24f87e7e-5e7d4a0e 200
[debug] [2025-12-07T04:34:16.913Z] <<< [apiv2][body] GET https://firebasedataconnect.googleapis.com/v1/projects/aplikasi-pemesanan-8e368/locations/us-east4/operations/operation-1765082045968-6455530597118-24f87e7e-5e7d4a0e {"name":"projects/aplikasi-pemesanan-8e368/locations/us-east4/operations/operation-1765082045968-6455530597118-24f87e7e-5e7d4a0e","metadata":{"@type":"type.googleapis.com/google.firebase.dataconnect.v1.OperationMetadata","createTime":"2025-12-07T04:34:13.314339588Z","target":"projects/aplikasi-pemesanan-8e368/locations/us-east4/services/cafe-pos-system","verb":"create","requestedCancellation":false,"apiVersion":"v1"},"done":false}
[debug] [2025-12-07T04:34:17.424Z] [LRO Poller] Retrying task index 0
[debug] [2025-12-07T04:34:17.426Z] Checked if tokens are valid: true, expires at: 1765085532035
[debug] [2025-12-07T04:34:17.426Z] Checked if tokens are valid: true, expires at: 1765085532035
[debug] [2025-12-07T04:34:17.426Z] >>> [apiv2][query] GET https://firebasedataconnect.googleapis.com/v1/projects/aplikasi-pemesanan-8e368/locations/us-east4/operations/operation-1765082045968-6455530597118-24f87e7e-5e7d4a0e [none]
[debug] [2025-12-07T04:34:17.725Z] <<< [apiv2][status] GET https://firebasedataconnect.googleapis.com/v1/projects/aplikasi-pemesanan-8e368/locations/us-east4/operations/operation-1765082045968-6455530597118-24f87e7e-5e7d4a0e 200
[debug] [2025-12-07T04:34:17.726Z] <<< [apiv2][body] GET https://firebasedataconnect.googleapis.com/v1/projects/aplikasi-pemesanan-8e368/locations/us-east4/operations/operation-1765082045968-6455530597118-24f87e7e-5e7d4a0e {"name":"projects/aplikasi-pemesanan-8e368/locations/us-east4/operations/operation-1765082045968-6455530597118-24f87e7e-5e7d4a0e","metadata":{"@type":"type.googleapis.com/google.firebase.dataconnect.v1.OperationMetadata","createTime":"2025-12-07T04:34:13.314339588Z","endTime":"2025-12-07T04:34:14.640155167Z","target":"projects/aplikasi-pemesanan-8e368/locations/us-east4/services/cafe-pos-system","verb":"create","requestedCancellation":false,"apiVersion":"v1"},"done":true,"response":{"@type":"type.googleapis.com/google.firebase.dataconnect.v1.Service","name":"projects/aplikasi-pemesanan-8e368/locations/us-east4/services/cafe-pos-system","createTime":"2025-12-07T04:34:13.310870679Z","updateTime":"2025-12-07T04:34:13.310870679Z","uid":"72b5eb08-14dc-4cbb-a2bc-4dd1c7ea2806","reconciling":false,"etag":"adCPwnxAU4piod9GX-dmBTvHNZF8qQOsMtKvjJct0qc"}}
[debug] [2025-12-07T04:34:17.736Z] Checked if tokens are valid: true, expires at: 1765085532035
[debug] [2025-12-07T04:34:17.736Z] Checked if tokens are valid: true, expires at: 1765085532035
[debug] [2025-12-07T04:34:17.736Z] >>> [apiv2][query] POST https://cloudaicompanion.googleapis.com/v1beta/projects/aplikasi-pemesanan-8e368/locations/global/instances/default:completeTask [none]
[debug] [2025-12-07T04:34:17.737Z] >>> [apiv2][body] POST https://cloudaicompanion.googleapis.com/v1beta/projects/aplikasi-pemesanan-8e368/locations/global/instances/default:completeTask {"input":{"messages":[{"content":"ASDSAD","author":"USER"}]},"experienceContext":{"experience":"/appeco/firebase/fdc-schema-generator"}}
[debug] [2025-12-07T04:34:24.131Z] <<< [apiv2][status] POST https://cloudaicompanion.googleapis.com/v1beta/projects/aplikasi-pemesanan-8e368/locations/global/instances/default:completeTask 200
[debug] [2025-12-07T04:34:24.132Z] <<< [apiv2][body] POST https://cloudaicompanion.googleapis.com/v1beta/projects/aplikasi-pemesanan-8e368/locations/global/instances/default:completeTask {"output":{"messages":[{"content":"```graphql\ntype User @table {\n  displayName: String!\n  email: String\n  createdAt: Timestamp!\n}\n\ntype DataSeries @table {\n  user: User!\n  name: String!\n  description: String\n  createdAt: Timestamp!\n}\n\ntype DataPoint @table {\n  user: User!\n  dataSeries: DataSeries!\n  value: Float!\n  recordedAt: Timestamp!\n  notes: String\n  createdAt: Timestamp!\n}\n```\n"}]},"displayContext":{"additionalContext":{"@type":"type.googleapis.com/google.cloud.cloudaicompanion.v1main.FirebaseChatDisplayContext","firebaseFdcDisplayContext":{"schemaSyntaxError":""}}}}
[debug] [2025-12-07T04:34:24.134Z] Checked if tokens are valid: true, expires at: 1765085532035
[debug] [2025-12-07T04:34:24.134Z] Checked if tokens are valid: true, expires at: 1765085532035
[debug] [2025-12-07T04:34:24.134Z] >>> [apiv2][query] PATCH https://firebasedataconnect.googleapis.com/v1/projects/aplikasi-pemesanan-8e368/locations/us-east4/services/cafe-pos-system/schemas/main allowMissing=true&validateOnly=false
[debug] [2025-12-07T04:34:24.134Z] >>> [apiv2][body] PATCH https://firebasedataconnect.googleapis.com/v1/projects/aplikasi-pemesanan-8e368/locations/us-east4/services/cafe-pos-system/schemas/main {"name":"projects/aplikasi-pemesanan-8e368/locations/us-east4/services/cafe-pos-system/schemas/main","datasources":[{"postgresql":{}}],"source":{"files":[{"path":"schema.gql","content":"type User @table {\n  displayName: String!\n  email: String\n  createdAt: Timestamp!\n}\n\ntype DataSeries @table {\n  user: User!\n  name: String!\n  description: String\n  createdAt: Timestamp!\n}\n\ntype DataPoint @table {\n  user: User!\n  dataSeries: DataSeries!\n  value: Float!\n  recordedAt: Timestamp!\n  notes: String\n  createdAt: Timestamp!\n}"}]}}
[debug] [2025-12-07T04:34:25.711Z] <<< [apiv2][status] PATCH https://firebasedataconnect.googleapis.com/v1/projects/aplikasi-pemesanan-8e368/locations/us-east4/services/cafe-pos-system/schemas/main 200
[debug] [2025-12-07T04:34:25.711Z] <<< [apiv2][body] PATCH https://firebasedataconnect.googleapis.com/v1/projects/aplikasi-pemesanan-8e368/locations/us-east4/services/cafe-pos-system/schemas/main {"name":"projects/aplikasi-pemesanan-8e368/locations/us-east4/operations/operation-1765082062975-64555315cf2a4-5714a6aa-13508ef7","metadata":{"@type":"type.googleapis.com/google.firebase.dataconnect.v1.OperationMetadata","createTime":"2025-12-07T04:34:23.045321685Z","target":"projects/aplikasi-pemesanan-8e368/locations/us-east4/services/cafe-pos-system/schemas/main","verb":"update","requestedCancellation":false,"apiVersion":"v1"},"done":false}
[debug] [2025-12-07T04:34:25.712Z] Checked if tokens are valid: true, expires at: 1765085532035
[debug] [2025-12-07T04:34:25.712Z] Checked if tokens are valid: true, expires at: 1765085532035
[debug] [2025-12-07T04:34:25.712Z] >>> [apiv2][query] GET https://firebasedataconnect.googleapis.com/v1/projects/aplikasi-pemesanan-8e368/locations/us-east4/operations/operation-1765082062975-64555315cf2a4-5714a6aa-13508ef7 [none]
[debug] [2025-12-07T04:34:26.137Z] <<< [apiv2][status] GET https://firebasedataconnect.googleapis.com/v1/projects/aplikasi-pemesanan-8e368/locations/us-east4/operations/operation-1765082062975-64555315cf2a4-5714a6aa-13508ef7 200
[debug] [2025-12-07T04:34:26.138Z] <<< [apiv2][body] GET https://firebasedataconnect.googleapis.com/v1/projects/aplikasi-pemesanan-8e368/locations/us-east4/operations/operation-1765082062975-64555315cf2a4-5714a6aa-13508ef7 {"name":"projects/aplikasi-pemesanan-8e368/locations/us-east4/operations/operation-1765082062975-64555315cf2a4-5714a6aa-13508ef7","metadata":{"@type":"type.googleapis.com/google.firebase.dataconnect.v1.OperationMetadata","createTime":"2025-12-07T04:34:23.045321685Z","endTime":"2025-12-07T04:34:23.278391553Z","target":"projects/aplikasi-pemesanan-8e368/locations/us-east4/services/cafe-pos-system/schemas/main","verb":"update","requestedCancellation":false,"apiVersion":"v1"},"done":true}
[debug] [2025-12-07T04:34:26.140Z] Checked if tokens are valid: true, expires at: 1765085532035
[debug] [2025-12-07T04:34:26.140Z] Checked if tokens are valid: true, expires at: 1765085532035
[debug] [2025-12-07T04:34:26.140Z] Checked if tokens are valid: true, expires at: 1765085532035
[debug] [2025-12-07T04:34:26.140Z] Checked if tokens are valid: true, expires at: 1765085532035
[debug] [2025-12-07T04:34:26.140Z] >>> [apiv2][query] POST https://cloudaicompanion.googleapis.com/v1beta/projects/aplikasi-pemesanan-8e368/locations/global/instances/default:completeTask [none]
[debug] [2025-12-07T04:34:26.140Z] >>> [apiv2][body] POST https://cloudaicompanion.googleapis.com/v1beta/projects/aplikasi-pemesanan-8e368/locations/global/instances/default:completeTask {"input":{"messages":[{"content":"Create 4 operations for an app using the instance schema with proper authentication.","author":"USER"}]},"experienceContext":{"experience":"/appeco/firebase/fdc-query-generator"},"clientContext":{"additionalContext":{"@type":"type.googleapis.com/google.cloud.cloudaicompanion.v1main.FirebaseChatRequestContext","fdcInfo":{"fdcServiceName":"projects/aplikasi-pemesanan-8e368/locations/us-east4/services/cafe-pos-system","requiresQuery":true}}}}
[debug] [2025-12-07T04:34:26.141Z] >>> [apiv2][query] POST https://cloudaicompanion.googleapis.com/v1beta/projects/aplikasi-pemesanan-8e368/locations/global/instances/default:completeTask [none]
[debug] [2025-12-07T04:34:26.142Z] >>> [apiv2][body] POST https://cloudaicompanion.googleapis.com/v1beta/projects/aplikasi-pemesanan-8e368/locations/global/instances/default:completeTask {"input":{"messages":[{"content":"Create a mutation to populate the database with some seed data.","author":"USER"}]},"experienceContext":{"experience":"/appeco/firebase/fdc-query-generator"},"clientContext":{"additionalContext":{"@type":"type.googleapis.com/google.cloud.cloudaicompanion.v1main.FirebaseChatRequestContext","fdcInfo":{"fdcServiceName":"projects/aplikasi-pemesanan-8e368/locations/us-east4/services/cafe-pos-system","requiresQuery":true}}}}
[debug] [2025-12-07T04:34:28.948Z] <<< [apiv2][status] POST https://cloudaicompanion.googleapis.com/v1beta/projects/aplikasi-pemesanan-8e368/locations/global/instances/default:completeTask 200
[debug] [2025-12-07T04:34:28.948Z] <<< [apiv2][body] POST https://cloudaicompanion.googleapis.com/v1beta/projects/aplikasi-pemesanan-8e368/locations/global/instances/default:completeTask {"output":{"messages":[{"content":"```graphql\nmutation CreateUser @auth(level: USER) {\n  user_insert(data: {\n    displayName: \"New User\",\n    email: \"newuser@example.com\",\n    createdAt_expr: \"request.time\"\n  })\n}\n\nquery ListDataPoints @auth(level: USER, insecureReason: \"This operation is safe to expose to all logged in users.\") {\n  dataPoints {\n    id\n    value\n    recordedAt\n    notes\n  }\n}\n\nmutation UpdateDataSeriesDescription($id: UUID!, $description: String) @auth(level: USER) {\n  dataSeries_update(\n    id: $id,\n    data: {\n      description: $description\n    }\n  )\n}\n\nquery GetDataSeriesByName($name: String!) @auth(level: PUBLIC, insecureReason: \"This operation is safe to expose to the public\") {\n  dataSeriess(where: {name: {eq: $name}}) {\n    id\n    name\n    description\n  }\n}\n```","author":"model"}]},"outputDataContext":{"additionalContext":{"@type":"type.googleapis.com/google.cloud.cloudaicompanion.v1main.ChatOutputDataContext","relatedContent":{}}},"attributionContext":{"citationMetadata":{}}}
[debug] [2025-12-07T04:34:31.290Z] <<< [apiv2][status] POST https://cloudaicompanion.googleapis.com/v1beta/projects/aplikasi-pemesanan-8e368/locations/global/instances/default:completeTask 200
[debug] [2025-12-07T04:34:31.290Z] <<< [apiv2][body] POST https://cloudaicompanion.googleapis.com/v1beta/projects/aplikasi-pemesanan-8e368/locations/global/instances/default:completeTask {"output":{"messages":[{"content":"```graphql\nmutation CreateSeedData @transaction @auth(level: PUBLIC, insecureReason: \"This operation is used to seed the database with initial data and is safe to expose to the public.\") {\n  user_insertMany(data: [\n    {\n      id: \"550e8400-e29b-41d4-a716-446655440000\",\n      createdAt: \"2024-04-26T12:00:00Z\",\n      displayName: \"Demo User 1\",\n      email: \"demo1@example.com\"\n    },\n    {\n      id: \"550e8400-e29b-41d4-a716-446655440001\",\n      createdAt: \"2024-04-26T13:00:00Z\",\n      displayName: \"Demo User 2\",\n      email: \"demo2@example.com\"\n    }\n  ])\n  dataSeries_insertMany(data: [\n    {\n      id: \"650e8400-e29b-41d4-a716-446655440002\",\n      userId: \"550e8400-e29b-41d4-a716-446655440000\",\n      createdAt: \"2024-04-26T14:00:00Z\",\n      name: \"Heart Rate\",\n      description: \"Heart rate data\"\n    },\n    {\n      id: \"650e8400-e29b-41d4-a716-446655440003\",\n      userId: \"550e8400-e29b-41d4-a716-446655440001\",\n      createdAt: \"2024-04-26T15:00:00Z\",\n      name: \"Steps\",\n      description: \"Step count data\"\n    }\n  ])\n  dataPoint_insertMany(data: [\n    {\n      id: \"750e8400-e29b-41d4-a716-446655440004\",\n      dataSeriesId: \"650e8400-e29b-41d4-a716-446655440002\",\n      userId: \"550e8400-e29b-41d4-a716-446655440000\",\n      createdAt: \"2024-04-26T16:00:00Z\",\n      recordedAt: \"2024-04-26T16:00:00Z\",\n      value: 72.0\n    },\n    {\n      id: \"750e8400-e29b-41d4-a716-446655440005\",\n      dataSeriesId: \"650e8400-e29b-41d4-a716-446655440003\",\n      userId: \"550e8400-e29b-41d4-a716-446655440001\",\n      createdAt: \"2024-04-26T17:00:00Z\",\n      recordedAt: \"2024-04-26T17:00:00Z\",\n      value: 1500.0\n    }\n  ])\n}\n```","author":"model"}]},"outputDataContext":{"additionalContext":{"@type":"type.googleapis.com/google.cloud.cloudaicompanion.v1main.ChatOutputDataContext","relatedContent":{}}},"attributionContext":{"citationMetadata":{}}}
[info] +  Wrote dataconnect\dataconnect.yaml 
[info] +  Wrote dataconnect\seed_data.gql 
[info] +  Wrote dataconnect\schema\schema.gql 
[info] +  Wrote dataconnect\example\connector.yaml 
[info] +  Wrote dataconnect\example\queries.gql 
[info] +  Wrote dataconnect\example\connector.yaml 
[info] i  dataconnect: Installing the generated SDKs ... 
[info] i  dataconnect: downloading dataconnect-emulator-2.17.3.exe... {"metadata":{"emulator":{"name":"dataconnect"},"message":"downloading dataconnect-emulator-2.17.3.exe..."}}
[debug] [2025-12-07T04:34:31.386Z] >>> [apiv2][query] GET https://storage.googleapis.com/firemat-preview-drop/emulator/dataconnect-emulator-windows-amd64-v2.17.3 
[debug] [2025-12-07T04:34:32.227Z] <<< [apiv2][status] GET https://storage.googleapis.com/firemat-preview-drop/emulator/dataconnect-emulator-windows-amd64-v2.17.3 200
[debug] [2025-12-07T04:34:32.227Z] <<< [apiv2][body] GET https://storage.googleapis.com/firemat-preview-drop/emulator/dataconnect-emulator-windows-amd64-v2.17.3 [stream]
[debug] [2025-12-07T04:35:18.114Z] defaultcredentials: writing to file C:\Users\robya\AppData\Roaming\firebase\robyakshay011_gmail_com_application_default_credentials.json
[info] +  dataconnect: Installed generated SDKs for . (web) 
[info] i  Visit https://firebase.google.com/docs/data-connect/web-sdk#react for more information on how to set up React Generated SDKs for Firebase Data Connect 
[info] 
=== Firestore Setup
[info] i  firestore: ensuring required API firestore.googleapis.com is enabled... 
[debug] [2025-12-07T04:35:33.375Z] Checked if tokens are valid: true, expires at: 1765085532035
[debug] [2025-12-07T04:35:33.375Z] Checked if tokens are valid: true, expires at: 1765085532035
[debug] [2025-12-07T04:35:33.375Z] >>> [apiv2][query] GET https://serviceusage.googleapis.com/v1/projects/aplikasi-pemesanan-8e368/services/firestore.googleapis.com [none]
[debug] [2025-12-07T04:35:33.375Z] >>> [apiv2][(partial)header] GET https://serviceusage.googleapis.com/v1/projects/aplikasi-pemesanan-8e368/services/firestore.googleapis.com x-goog-quota-user=projects/aplikasi-pemesanan-8e368
[debug] [2025-12-07T04:35:34.706Z] <<< [apiv2][status] GET https://serviceusage.googleapis.com/v1/projects/aplikasi-pemesanan-8e368/services/firestore.googleapis.com 200
[debug] [2025-12-07T04:35:34.706Z] <<< [apiv2][body] GET https://serviceusage.googleapis.com/v1/projects/aplikasi-pemesanan-8e368/services/firestore.googleapis.com [omitted]
[warn] !  firestore: missing required API firestore.googleapis.com. Enabling now... 
[debug] [2025-12-07T04:35:34.707Z] Checked if tokens are valid: true, expires at: 1765085532035
[debug] [2025-12-07T04:35:34.707Z] Checked if tokens are valid: true, expires at: 1765085532035
[debug] [2025-12-07T04:35:34.707Z] >>> [apiv2][query] POST https://serviceusage.googleapis.com/v1/projects/aplikasi-pemesanan-8e368/services/firestore.googleapis.com:enable [none]
[debug] [2025-12-07T04:35:34.707Z] >>> [apiv2][(partial)header] POST https://serviceusage.googleapis.com/v1/projects/aplikasi-pemesanan-8e368/services/firestore.googleapis.com:enable x-goog-quota-user=projects/aplikasi-pemesanan-8e368
[debug] [2025-12-07T04:35:35.123Z] <<< [apiv2][status] POST https://serviceusage.googleapis.com/v1/projects/aplikasi-pemesanan-8e368/services/firestore.googleapis.com:enable 200
[debug] [2025-12-07T04:35:35.123Z] <<< [apiv2][body] POST https://serviceusage.googleapis.com/v1/projects/aplikasi-pemesanan-8e368/services/firestore.googleapis.com:enable [omitted]
[debug] [2025-12-07T04:35:45.145Z] Checked if tokens are valid: true, expires at: 1765085532035
[debug] [2025-12-07T04:35:45.145Z] Checked if tokens are valid: true, expires at: 1765085532035
[debug] [2025-12-07T04:35:45.146Z] >>> [apiv2][query] GET https://firestore.googleapis.com/v1/projects/aplikasi-pemesanan-8e368/databases [none]
[debug] [2025-12-07T04:35:45.957Z] <<< [apiv2][status] GET https://firestore.googleapis.com/v1/projects/aplikasi-pemesanan-8e368/databases 200
[debug] [2025-12-07T04:35:45.957Z] <<< [apiv2][body] GET https://firestore.googleapis.com/v1/projects/aplikasi-pemesanan-8e368/databases {}
[debug] [2025-12-07T04:35:45.958Z] Checked if tokens are valid: true, expires at: 1765085532035
[debug] [2025-12-07T04:35:45.958Z] Checked if tokens are valid: true, expires at: 1765085532035
[debug] [2025-12-07T04:35:45.958Z] >>> [apiv2][query] GET https://firestore.googleapis.com/v1/projects/aplikasi-pemesanan-8e368/locations [none]
[debug] [2025-12-07T04:35:46.045Z] <<< [apiv2][status] GET https://firestore.googleapis.com/v1/projects/aplikasi-pemesanan-8e368/locations 200
[debug] [2025-12-07T04:35:46.046Z] <<< [apiv2][body] GET https://firestore.googleapis.com/v1/projects/aplikasi-pemesanan-8e368/locations {"locations":[{"name":"projects/aplikasi-pemesanan-8e368/locations/eur3","labels":{"appengine.googleapis.com/geo":"europe-west","cloud.googleapis.com/location":"eur3","cloud.googleapis.com/geo":"eur3"},"metadata":{"@type":"type.googleapis.com/google.firestore.admin.v1.LocationMetadata"},"locationId":"eur3","displayName":"Europe"},{"name":"projects/aplikasi-pemesanan-8e368/locations/nam5","labels":{"appengine.googleapis.com/geo":"us-central","cloud.googleapis.com/location":"nam5","cloud.googleapis.com/geo":"nam5"},"metadata":{"@type":"type.googleapis.com/google.firestore.admin.v1.LocationMetadata"},"locationId":"nam5","displayName":"United States"},{"name":"projects/aplikasi-pemesanan-8e368/locations/nam7","labels":{"cloud.googleapis.com/location":"nam7","cloud.googleapis.com/geo":"nam7"},"metadata":{"@type":"type.googleapis.com/google.firestore.admin.v1.LocationMetadata"},"locationId":"nam7","displayName":"United States"},{"name":"projects/aplikasi-pemesanan-8e368/locations/africa-south1","labels":{"cloud.googleapis.com/location":"africa-south1","cloud.googleapis.com/region":"africa-south1"},"metadata":{"@type":"type.googleapis.com/google.firestore.admin.v1.LocationMetadata"},"locationId":"africa-south1","displayName":"Johannesburg"},{"name":"projects/aplikasi-pemesanan-8e368/locations/asia-east1","labels":{"appengine.googleapis.com/region":"asia-east1","cloud.googleapis.com/location":"asia-east1","cloud.googleapis.com/region":"asia-east1"},"metadata":{"@type":"type.googleapis.com/google.firestore.admin.v1.LocationMetadata"},"locationId":"asia-east1","displayName":"Taiwan"},{"name":"projects/aplikasi-pemesanan-8e368/locations/asia-east2","labels":{"appengine.googleapis.com/region":"asia-east2","cloud.googleapis.com/location":"asia-east2","cloud.googleapis.com/region":"asia-east2"},"metadata":{"@type":"type.googleapis.com/google.firestore.admin.v1.LocationMetadata"},"locationId":"asia-east2","displayName":"Hong Kong"},{"name":"projects/aplikasi-pemesanan-8e368/locations/asia-northeast1","labels":{"appengine.googleapis.com/region":"asia-northeast1","cloud.googleapis.com/location":"asia-northeast1","cloud.googleapis.com/region":"asia-northeast1"},"metadata":{"@type":"type.googleapis.com/google.firestore.admin.v1.LocationMetadata"},"locationId":"asia-northeast1","displayName":"Tokyo"},{"name":"projects/aplikasi-pemesanan-8e368/locations/asia-northeast2","labels":{"appengine.googleapis.com/region":"asia-northeast2","cloud.googleapis.com/location":"asia-northeast2","cloud.googleapis.com/region":"asia-northeast2"},"metadata":{"@type":"type.googleapis.com/google.firestore.admin.v1.LocationMetadata"},"locationId":"asia-northeast2","displayName":"Osaka"},{"name":"projects/aplikasi-pemesanan-8e368/locations/asia-northeast3","labels":{"appengine.googleapis.com/region":"asia-northeast3","cloud.googleapis.com/location":"asia-northeast3","cloud.googleapis.com/region":"asia-northeast3"},"metadata":{"@type":"type.googleapis.com/google.firestore.admin.v1.LocationMetadata"},"locationId":"asia-northeast3","displayName":"Seoul"},{"name":"projects/aplikasi-pemesanan-8e368/locations/asia-south1","labels":{"appengine.googleapis.com/region":"asia-south1","cloud.googleapis.com/location":"asia-south1","cloud.googleapis.com/region":"asia-south1"},"metadata":{"@type":"type.googleapis.com/google.firestore.admin.v1.LocationMetadata"},"locationId":"asia-south1","displayName":"Mumbai"},{"name":"projects/aplikasi-pemesanan-8e368/locations/asia-south2","labels":{"cloud.googleapis.com/location":"asia-south2","cloud.googleapis.com/region":"asia-south2"},"metadata":{"@type":"type.googleapis.com/google.firestore.admin.v1.LocationMetadata"},"locationId":"asia-south2","displayName":"Delhi"},{"name":"projects/aplikasi-pemesanan-8e368/locations/asia-southeast1","labels":{"appengine.googleapis.com/region":"asia-southeast1","cloud.googleapis.com/location":"asia-southeast1","cloud.googleapis.com/region":"asia-southeast1"},"metadata":{"@type":"type.googleapis.com/google.firestore.admin.v1.LocationMetadata"},"locationId":"asia-southeast1","displayName":"Singapore"},{"name":"projects/aplikasi-pemesanan-8e368/locations/asia-southeast2","labels":{"appengine.googleapis.com/region":"asia-southeast2","cloud.googleapis.com/location":"asia-southeast2","cloud.googleapis.com/region":"asia-southeast2"},"metadata":{"@type":"type.googleapis.com/google.firestore.admin.v1.LocationMetadata"},"locationId":"asia-southeast2","displayName":"Jakarta"},{"name":"projects/aplikasi-pemesanan-8e368/locations/australia-southeast1","labels":{"appengine.googleapis.com/region":"australia-southeast1","cloud.googleapis.com/location":"australia-southeast1","cloud.googleapis.com/region":"australia-southeast1"},"metadata":{"@type":"type.googleapis.com/google.firestore.admin.v1.LocationMetadata"},"locationId":"australia-southeast1","displayName":"Sydney"},{"name":"projects/aplikasi-pemesanan-8e368/locations/australia-southeast2","labels":{"cloud.googleapis.com/location":"australia-southeast2","cloud.googleapis.com/region":"australia-southeast2"},"metadata":{"@type":"type.googleapis.com/google.firestore.admin.v1.LocationMetadata"},"locationId":"australia-southeast2","displayName":"Melbourne"},{"name":"projects/aplikasi-pemesanan-8e368/locations/europe-central2","labels":{"appengine.googleapis.com/region":"europe-central2","cloud.googleapis.com/location":"europe-central2","cloud.googleapis.com/region":"europe-central2"},"metadata":{"@type":"type.googleapis.com/google.firestore.admin.v1.LocationMetadata"},"locationId":"europe-central2","displayName":"Warsaw"},{"name":"projects/aplikasi-pemesanan-8e368/locations/europe-north1","labels":{"cloud.googleapis.com/location":"europe-north1","cloud.googleapis.com/region":"europe-north1"},"metadata":{"@type":"type.googleapis.com/google.firestore.admin.v1.LocationMetadata"},"locationId":"europe-north1","displayName":"Finland"},{"name":"projects/aplikasi-pemesanan-8e368/locations/europe-north2","labels":{"cloud.googleapis.com/location":"europe-north2","cloud.googleapis.com/region":"europe-north2"},"metadata":{"@type":"type.googleapis.com/google.firestore.admin.v1.LocationMetadata"},"locationId":"europe-north2","displayName":"Stockholm"},{"name":"projects/aplikasi-pemesanan-8e368/locations/europe-southwest1","labels":{"cloud.googleapis.com/location":"europe-southwest1","cloud.googleapis.com/region":"europe-southwest1"},"metadata":{"@type":"type.googleapis.com/google.firestore.admin.v1.LocationMetadata"},"locationId":"europe-southwest1","displayName":"Madrid"},{"name":"projects/aplikasi-pemesanan-8e368/locations/europe-west1","labels":{"cloud.googleapis.com/location":"europe-west1","cloud.googleapis.com/region":"europe-west1"},"metadata":{"@type":"type.googleapis.com/google.firestore.admin.v1.LocationMetadata"},"locationId":"europe-west1","displayName":"Belgium"},{"name":"projects/aplikasi-pemesanan-8e368/locations/europe-west10","labels":{"cloud.googleapis.com/location":"europe-west10","cloud.googleapis.com/region":"europe-west10"},"metadata":{"@type":"type.googleapis.com/google.firestore.admin.v1.LocationMetadata"},"locationId":"europe-west10","displayName":"Berlin"},{"name":"projects/aplikasi-pemesanan-8e368/locations/europe-west12","labels":{"cloud.googleapis.com/location":"europe-west12","cloud.googleapis.com/region":"europe-west12"},"metadata":{"@type":"type.googleapis.com/google.firestore.admin.v1.LocationMetadata"},"locationId":"europe-west12","displayName":"Turin"},{"name":"projects/aplikasi-pemesanan-8e368/locations/europe-west2","labels":{"appengine.googleapis.com/region":"europe-west2","cloud.googleapis.com/location":"europe-west2","cloud.googleapis.com/region":"europe-west2"},"metadata":{"@type":"type.googleapis.com/google.firestore.admin.v1.LocationMetadata"},"locationId":"europe-west2","displayName":"London"},{"name":"projects/aplikasi-pemesanan-8e368/locations/europe-west3","labels":{"appengine.googleapis.com/region":"europe-west3","cloud.googleapis.com/location":"europe-west3","cloud.googleapis.com/region":"europe-west3"},"metadata":{"@type":"type.googleapis.com/google.firestore.admin.v1.LocationMetadata"},"locationId":"europe-west3","displayName":"Frankfurt"},{"name":"projects/aplikasi-pemesanan-8e368/locations/europe-west4","labels":{"cloud.googleapis.com/location":"europe-west4","cloud.googleapis.com/region":"europe-west4"},"metadata":{"@type":"type.googleapis.com/google.firestore.admin.v1.LocationMetadata"},"locationId":"europe-west4","displayName":"Netherlands"},{"name":"projects/aplikasi-pemesanan-8e368/locations/europe-west6","labels":{"appengine.googleapis.com/region":"europe-west6","cloud.googleapis.com/location":"europe-west6","cloud.googleapis.com/region":"europe-west6"},"metadata":{"@type":"type.googleapis.com/google.firestore.admin.v1.LocationMetadata"},"locationId":"europe-west6","displayName":"Zurich"},{"name":"projects/aplikasi-pemesanan-8e368/locations/europe-west8","labels":{"cloud.googleapis.com/location":"europe-west8","cloud.googleapis.com/region":"europe-west8"},"metadata":{"@type":"type.googleapis.com/google.firestore.admin.v1.LocationMetadata"},"locationId":"europe-west8","displayName":"Milan"},{"name":"projects/aplikasi-pemesanan-8e368/locations/europe-west9","labels":{"cloud.googleapis.com/location":"europe-west9","cloud.googleapis.com/region":"europe-west9"},"metadata":{"@type":"type.googleapis.com/google.firestore.admin.v1.LocationMetadata"},"locationId":"europe-west9","displayName":"Paris"},{"name":"projects/aplikasi-pemesanan-8e368/locations/me-central1","labels":{"cloud.googleapis.com/location":"me-central1","cloud.googleapis.com/region":"me-central1"},"metadata":{"@type":"type.googleapis.com/google.firestore.admin.v1.LocationMetadata"},"locationId":"me-central1","displayName":"Doha"},{"name":"projects/aplikasi-pemesanan-8e368/locations/me-central2","labels":{"cloud.googleapis.com/location":"me-central2","cloud.googleapis.com/region":"me-central2"},"metadata":{"@type":"type.googleapis.com/google.firestore.admin.v1.LocationMetadata"},"locationId":"me-central2","displayName":"Dammam"},{"name":"projects/aplikasi-pemesanan-8e368/locations/me-west1","labels":{"cloud.googleapis.com/location":"me-west1","cloud.googleapis.com/region":"me-west1"},"metadata":{"@type":"type.googleapis.com/google.firestore.admin.v1.LocationMetadata"},"locationId":"me-west1","displayName":"Tel Aviv"},{"name":"projects/aplikasi-pemesanan-8e368/locations/northamerica-northeast1","labels":{"appengine.googleapis.com/region":"northamerica-northeast1","cloud.googleapis.com/location":"northamerica-northeast1","cloud.googleapis.com/region":"northamerica-northeast1"},"metadata":{"@type":"type.googleapis.com/google.firestore.admin.v1.LocationMetadata"},"locationId":"northamerica-northeast1","displayName":"Montréal"},{"name":"projects/aplikasi-pemesanan-8e368/locations/northamerica-northeast2","labels":{"cloud.googleapis.com/location":"northamerica-northeast2","cloud.googleapis.com/region":"northamerica-northeast2"},"metadata":{"@type":"type.googleapis.com/google.firestore.admin.v1.LocationMetadata"},"locationId":"northamerica-northeast2","displayName":"Toronto"},{"name":"projects/aplikasi-pemesanan-8e368/locations/northamerica-south1","labels":{"cloud.googleapis.com/location":"northamerica-south1","cloud.googleapis.com/region":"northamerica-south1"},"metadata":{"@type":"type.googleapis.com/google.firestore.admin.v1.LocationMetadata"},"locationId":"northamerica-south1","displayName":"Mexico"},{"name":"projects/aplikasi-pemesanan-8e368/locations/southamerica-east1","labels":{"appengine.googleapis.com/region":"southamerica-east1","cloud.googleapis.com/location":"southamerica-east1","cloud.googleapis.com/region":"southamerica-east1"},"metadata":{"@type":"type.googleapis.com/google.firestore.admin.v1.LocationMetadata"},"locationId":"southamerica-east1","displayName":"São Paulo"},{"name":"projects/aplikasi-pemesanan-8e368/locations/southamerica-west1","labels":{"cloud.googleapis.com/location":"southamerica-west1","cloud.googleapis.com/region":"southamerica-west1"},"metadata":{"@type":"type.googleapis.com/google.firestore.admin.v1.LocationMetadata"},"locationId":"southamerica-west1","displayName":"Santiago"},{"name":"projects/aplikasi-pemesanan-8e368/locations/us-central1","labels":{"cloud.googleapis.com/location":"us-central1","cloud.googleapis.com/region":"us-central1"},"metadata":{"@type":"type.googleapis.com/google.firestore.admin.v1.LocationMetadata"},"locationId":"us-central1","displayName":"Iowa"},{"name":"projects/aplikasi-pemesanan-8e368/locations/us-east1","labels":{"appengine.googleapis.com/region":"us-east1","cloud.googleapis.com/location":"us-east1","cloud.googleapis.com/region":"us-east1"},"metadata":{"@type":"type.googleapis.com/google.firestore.admin.v1.LocationMetadata"},"locationId":"us-east1","displayName":"South Carolina"},{"name":"projects/aplikasi-pemesanan-8e368/locations/us-east4","labels":{"appengine.googleapis.com/region":"us-east4","cloud.googleapis.com/location":"us-east4","cloud.googleapis.com/region":"us-east4"},"metadata":{"@type":"type.googleapis.com/google.firestore.admin.v1.LocationMetadata"},"locationId":"us-east4","displayName":"Northern Virginia"},{"name":"projects/aplikasi-pemesanan-8e368/locations/us-east5","labels":{"cloud.googleapis.com/location":"us-east5","cloud.googleapis.com/region":"us-east5"},"metadata":{"@type":"type.googleapis.com/google.firestore.admin.v1.LocationMetadata"},"locationId":"us-east5","displayName":"Columbus"},{"name":"projects/aplikasi-pemesanan-8e368/locations/us-south1","labels":{"cloud.googleapis.com/location":"us-south1","cloud.googleapis.com/region":"us-south1"},"metadata":{"@type":"type.googleapis.com/google.firestore.admin.v1.LocationMetadata"},"locationId":"us-south1","displayName":"Dallas"},{"name":"projects/aplikasi-pemesanan-8e368/locations/us-west1","labels":{"appengine.googleapis.com/region":"us-west1","cloud.googleapis.com/location":"us-west1","cloud.googleapis.com/region":"us-west1"},"metadata":{"@type":"type.googleapis.com/google.firestore.admin.v1.LocationMetadata"},"locationId":"us-west1","displayName":"Oregon"},{"name":"projects/aplikasi-pemesanan-8e368/locations/us-west2","labels":{"appengine.googleapis.com/region":"us-west2","cloud.googleapis.com/location":"us-west2","cloud.googleapis.com/region":"us-west2"},"metadata":{"@type":"type.googleapis.com/google.firestore.admin.v1.LocationMetadata"},"locationId":"us-west2","displayName":"Los Angeles"},{"name":"projects/aplikasi-pemesanan-8e368/locations/us-west3","labels":{"appengine.googleapis.com/region":"us-west3","cloud.googleapis.com/location":"us-west3","cloud.googleapis.com/region":"us-west3"},"metadata":{"@type":"type.googleapis.com/google.firestore.admin.v1.LocationMetadata"},"locationId":"us-west3","displayName":"Salt Lake City"},{"name":"projects/aplikasi-pemesanan-8e368/locations/us-west4","labels":{"appengine.googleapis.com/region":"us-west4","cloud.googleapis.com/location":"us-west4","cloud.googleapis.com/region":"us-west4"},"metadata":{"@type":"type.googleapis.com/google.firestore.admin.v1.LocationMetadata"},"locationId":"us-west4","displayName":"Las Vegas"}]}
